<?xml version="1.0" encoding="UTF-8"?>
<!-- Generated by org.testng.reporters.JUnitReportReporter -->
<testsuite hostname="DESKTOP-T9A9TBK" failures="0" tests="1" name="Runners.RegistrationRunner" time="0.252" errors="0" timestamp="2023-03-01T12:06:34 IST" skipped="0">
  <testcase classname="Runners.RegistrationRunner" name="runScenario" time="0.252"/>
  <system-out/>
</testsuite> <!-- Runners.RegistrationRunner -->
