<?xml version="1.0" encoding="UTF-8"?>
<!-- Generated by org.testng.reporters.JUnitReportReporter -->
<testsuite hostname="DESKTOP-T9A9TBK" failures="0" tests="4" name="Runners.ScenarioOutlineRunner" time="0.451" errors="0" timestamp="2023-03-01T11:59:53 IST" skipped="0">
  <testcase classname="Runners.ScenarioOutlineRunner" name="runScenario" time="0.290"/>
  <system-out/>
  <testcase classname="Runners.ScenarioOutlineRunner" name="runScenario" time="0.084"/>
  <system-out/>
  <testcase classname="Runners.ScenarioOutlineRunner" name="runScenario" time="0.031"/>
  <system-out/>
  <testcase classname="Runners.ScenarioOutlineRunner" name="runScenario" time="0.046"/>
  <system-out/>
</testsuite> <!-- Runners.ScenarioOutlineRunner -->
