<?xml version="1.0" encoding="UTF-8"?>
<!-- Generated by org.testng.reporters.JUnitReportReporter -->
<testsuite hostname="DESKTOP-T9A9TBK" failures="0" tests="1" name="Runners.SearchRunner" time="0.320" errors="0" timestamp="2023-03-01T11:28:49 IST" skipped="0">
  <testcase classname="Runners.SearchRunner" name="runScenario" time="0.320"/>
  <system-out/>
</testsuite> <!-- Runners.SearchRunner -->
