<?xml version="1.0" encoding="UTF-8"?>
<!-- Generated by org.testng.reporters.JUnitReportReporter -->
<testsuite hostname="DESKTOP-T9A9TBK" failures="0" tests="1" name="Runners.LoginRunner" time="0.418" errors="0" timestamp="2023-03-01T11:27:07 IST" skipped="0">
  <testcase classname="Runners.LoginRunner" name="runScenario" time="0.418"/>
  <system-out/>
</testsuite> <!-- Runners.LoginRunner -->
