<?xml version="1.0" encoding="UTF-8"?>
<!-- Generated by org.testng.reporters.JUnitReportReporter -->
<testsuite hostname="DESKTOP-T9A9TBK" failures="0" tests="2" name="Runners.OrderRunner" time="0.302" errors="0" timestamp="2023-03-01T11:50:16 IST" skipped="0">
  <testcase classname="Runners.OrderRunner" name="runScenario" time="0.275"/>
  <system-out/>
  <testcase classname="Runners.OrderRunner" name="runScenario" time="0.027"/>
  <system-out/>
</testsuite> <!-- Runners.OrderRunner -->
